1503565416820	geckodriver	INFO	Listening on 127.0.0.1:36537
1503565418341	geckodriver::marionette	INFO	Starting browser /usr/bin/firefox with args ["-marionette"]
1503565422844	Marionette	INFO	Listening on port 45527
1503565422958	Marionette	WARN	TLS certificate errors will be ignored for this session
1503565423733	Marionette	DEBUG	loaded listener.js
1503565423817	Marionette	DEBUG	Received DOM event "beforeunload" for "about:blank"
1503565425268	Marionette	DEBUG	Received DOM event "pagehide" for "about:blank"
1503565425268	Marionette	DEBUG	Received DOM event "unload" for "about:blank"
1503565442095	Marionette	DEBUG	Received DOM event "DOMContentLoaded" for "http://w2.kkkk99.net/?r=1"
1503565449282	Marionette	DEBUG	Received DOM event "pageshow" for "http://w2.kkkk99.net/?r=1"
1503565449626	Marionette	DEBUG	Received DOM event "beforeunload" for "http://w2.kkkk99.net/?r=1"
1503565452520	Marionette	DEBUG	Received DOM event "pagehide" for "http://w2.kkkk99.net/?r=1"
1503565452521	Marionette	DEBUG	Received DOM event "unload" for "http://w2.kkkk99.net/?r=1"
1503565463475	Marionette	DEBUG	Received DOM event "DOMContentLoaded" for "http://49297922.w2.kkkk99.net/index.php/main/rule"
1503565463944	Marionette	DEBUG	Received DOM event "DOMContentLoaded" for "http://49297922.w2.kkkk99.net/index.php/main/rule_text"
1503565463947	Marionette	DEBUG	Received DOM event "pageshow" for "http://49297922.w2.kkkk99.net/index.php/main/rule_text"
1503565463976	Marionette	DEBUG	Received DOM event "pageshow" for "http://49297922.w2.kkkk99.net/index.php/main/rule"
1503565464108	Marionette	DEBUG	Received DOM event "beforeunload" for "http://49297922.w2.kkkk99.net/index.php/main/rule"
1503565464661	Marionette	DEBUG	Received DOM event "pagehide" for "http://49297922.w2.kkkk99.net/index.php/main/rule"
1503565464664	Marionette	DEBUG	Received DOM event "unload" for "http://49297922.w2.kkkk99.net/index.php/main/rule"
1503565464694	Marionette	DEBUG	Received DOM event "DOMContentLoaded" for "http://49297922.w2.kkkk99.net/index.php/main"
1503565464700	Marionette	DEBUG	Received DOM event "DOMContentLoaded" for "http://49297922.w2.kkkk99.net/index.php/main"
1503565464721	Marionette	DEBUG	Received DOM event "pageshow" for "http://49297922.w2.kkkk99.net/index.php/main"
1503565464730	Marionette	DEBUG	Received observer notification "outer-window-destroyed" for "2147483654"
1503565464733	Marionette	DEBUG	Received DOM event "DOMContentLoaded" for "http://49297922.w2.kkkk99.net/index.php/main"
1503565464736	Marionette	DEBUG	Received DOM event "pageshow" for "http://49297922.w2.kkkk99.net/index.php/main"
1503565465593	Marionette	DEBUG	Received DOM event "DOMContentLoaded" for "http://49297922.w2.kkkk99.net/index.php/main/topmenu"
1503565465595	Marionette	DEBUG	Received DOM event "DOMContentLoaded" for "http://49297922.w2.kkkk99.net/index.php/main/footer"
1503565465643	Marionette	DEBUG	Received DOM event "pageshow" for "http://49297922.w2.kkkk99.net/index.php/main/footer"
1503565468176	Marionette	DEBUG	Received DOM event "pageshow" for "http://49297922.w2.kkkk99.net/index.php/main/topmenu"
1503565468460	Marionette	DEBUG	Received DOM event "DOMContentLoaded" for "http://49297922.w2.kkkk99.net/index.php/main/leftframe"
1503565468469	Marionette	DEBUG	Received DOM event "DOMContentLoaded" for "http://49297922.w2.kkkk99.net/index.php/main/leftframe"
1503565468475	Marionette	DEBUG	Received DOM event "pageshow" for "http://49297922.w2.kkkk99.net/index.php/main/leftframe"
1503565468684	Marionette	DEBUG	Received DOM event "pageshow" for "http://49297922.w2.kkkk99.net/index.php/content/hdp/2"
1503565468688	Marionette	DEBUG	Received DOM event "DOMContentLoaded" for "http://49297922.w2.kkkk99.net/index.php/content/hdp/2"
1503565468701	Marionette	DEBUG	Received DOM event "DOMContentLoaded" for "http://49297922.w2.kkkk99.net/index.php/content/hdp/2"
1503565468701	Marionette	DEBUG	Received DOM event "DOMContentLoaded" for "http://49297922.w2.kkkk99.net/index.php/content/hdp/2"
1503565468703	Marionette	DEBUG	Received DOM event "pageshow" for "http://49297922.w2.kkkk99.net/index.php/content/hdp/2"
1503565468965	Marionette	DEBUG	Received DOM event "DOMContentLoaded" for "http://49297922.w2.kkkk99.net/index.php/main/leftframe_data?1834133359"
1503565468969	Marionette	DEBUG	Received DOM event "pageshow" for "http://49297922.w2.kkkk99.net/index.php/main/leftframe_data?1834133359"
1503565468972	Marionette	DEBUG	Received DOM event "pageshow" for "http://49297922.w2.kkkk99.net/index.php/main/leftframe"
1503565469903	Marionette	DEBUG	Received DOM event "DOMContentLoaded" for "http://49297922.w2.kkkk99.net/index.php/content/get_hdp_data"
1503565469904	Marionette	DEBUG	Received DOM event "pageshow" for "http://49297922.w2.kkkk99.net/index.php/content/get_hdp_data"
1503565469935	Marionette	DEBUG	Received DOM event "pageshow" for "http://49297922.w2.kkkk99.net/index.php/content/hdp/2"
1503565469939	Marionette	DEBUG	Received DOM event "pageshow" for "http://49297922.w2.kkkk99.net/index.php/main"
1503565469972	Marionette	DEBUG	Received DOM event "beforeunload" for "http://49297922.w2.kkkk99.net/index.php/main"
1503565471063	Marionette	DEBUG	Received DOM event "pagehide" for "http://49297922.w2.kkkk99.net/index.php/main"
1503565471064	Marionette	DEBUG	Received DOM event "unload" for "http://49297922.w2.kkkk99.net/index.php/main"
1503565471124	Marionette	DEBUG	Received DOM event "DOMContentLoaded" for "http://49297922.w2.kkkk99.net/index.php/main"
1503565471126	Marionette	DEBUG	Received DOM event "DOMContentLoaded" for "http://49297922.w2.kkkk99.net/index.php/main"
1503565471137	Marionette	DEBUG	Received DOM event "pageshow" for "http://49297922.w2.kkkk99.net/index.php/main"
1503565471138	Marionette	DEBUG	Received DOM event "DOMContentLoaded" for "http://49297922.w2.kkkk99.net/index.php/main"
1503565471140	Marionette	DEBUG	Received DOM event "pageshow" for "http://49297922.w2.kkkk99.net/index.php/main"
1503565471142	Marionette	DEBUG	Received observer notification "outer-window-destroyed" for "2147483657"
1503565471144	Marionette	DEBUG	Received observer notification "outer-window-destroyed" for "2147483669"
1503565471146	Marionette	DEBUG	Received observer notification "outer-window-destroyed" for "2147483670"
1503565471148	Marionette	DEBUG	Received observer notification "outer-window-destroyed" for "2147483658"
1503565471152	Marionette	DEBUG	Received observer notification "outer-window-destroyed" for "2147483673"
1503565471156	Marionette	DEBUG	Received observer notification "outer-window-destroyed" for "2147483674"
1503565471159	Marionette	DEBUG	Received observer notification "outer-window-destroyed" for "2147483659"
1503565471161	Marionette	DEBUG	Received observer notification "outer-window-destroyed" for "2147483660"
1503565471162	Marionette	DEBUG	Received observer notification "outer-window-destroyed" for "2147483661"
1503565471164	Marionette	DEBUG	Received observer notification "outer-window-destroyed" for "2147483662"
1503565471688	Marionette	DEBUG	Received DOM event "DOMContentLoaded" for "http://49297922.w2.kkkk99.net/index.php/main/footer"
1503565471936	Marionette	DEBUG	Received DOM event "DOMContentLoaded" for "http://49297922.w2.kkkk99.net/index.php/main/topmenu"
1503565472138	Marionette	DEBUG	Received DOM event "pageshow" for "http://49297922.w2.kkkk99.net/index.php/main/topmenu"
1503565472142	Marionette	DEBUG	Received DOM event "pageshow" for "http://49297922.w2.kkkk99.net/index.php/main/footer"
1503565472237	Marionette	DEBUG	Received DOM event "pageshow" for "http://49297922.w2.kkkk99.net/index.php/content/hdp/2"
1503565472242	Marionette	DEBUG	Received DOM event "DOMContentLoaded" for "http://49297922.w2.kkkk99.net/index.php/content/hdp/2"
1503565472285	Marionette	DEBUG	Received DOM event "DOMContentLoaded" for "http://49297922.w2.kkkk99.net/index.php/main/leftframe"
1503565472286	Marionette	DEBUG	Received DOM event "DOMContentLoaded" for "http://49297922.w2.kkkk99.net/index.php/content/hdp/2"
1503565472286	Marionette	DEBUG	Received DOM event "DOMContentLoaded" for "http://49297922.w2.kkkk99.net/index.php/content/hdp/2"
1503565472290	Marionette	DEBUG	Received DOM event "pageshow" for "http://49297922.w2.kkkk99.net/index.php/content/hdp/2"
1503565472299	Marionette	DEBUG	Received DOM event "DOMContentLoaded" for "http://49297922.w2.kkkk99.net/index.php/main/leftframe"
1503565472301	Marionette	DEBUG	Received DOM event "pageshow" for "http://49297922.w2.kkkk99.net/index.php/main/leftframe"
1503565472581	Marionette	DEBUG	Received DOM event "DOMContentLoaded" for "http://49297922.w2.kkkk99.net/index.php/main/leftframe_data?1222816361"
1503565472585	Marionette	DEBUG	Received DOM event "pageshow" for "http://49297922.w2.kkkk99.net/index.php/main/leftframe_data?1222816361"
1503565472587	Marionette	DEBUG	Received DOM event "pageshow" for "http://49297922.w2.kkkk99.net/index.php/main/leftframe"
1503565472927	Marionette	DEBUG	Received DOM event "DOMContentLoaded" for "http://49297922.w2.kkkk99.net/index.php/content/get_hdp_data"
1503565472929	Marionette	DEBUG	Received DOM event "pageshow" for "http://49297922.w2.kkkk99.net/index.php/content/get_hdp_data"
1503565472933	Marionette	DEBUG	Received DOM event "pageshow" for "http://49297922.w2.kkkk99.net/index.php/content/hdp/2"
1503565472935	Marionette	DEBUG	Received DOM event "pageshow" for "http://49297922.w2.kkkk99.net/index.php/main"
1503565473025	Marionette	DEBUG	Received DOM event "beforeunload" for "http://49297922.w2.kkkk99.net/index.php/main"
1503565473525	Marionette	DEBUG	Received DOM event "pagehide" for "http://49297922.w2.kkkk99.net/index.php/main"
1503565473525	Marionette	DEBUG	Received DOM event "unload" for "http://49297922.w2.kkkk99.net/index.php/main"
1503565473809	Marionette	DEBUG	Received DOM event "pageshow" for "http://49297922.w2.kkkk99.net/index.php/content/hdp/2"
1503565473811	Marionette	DEBUG	Received DOM event "DOMContentLoaded" for "http://49297922.w2.kkkk99.net/index.php/content/hdp/2"
1503565473841	Marionette	DEBUG	Received observer notification "outer-window-destroyed" for "2147483679"
1503565473843	Marionette	DEBUG	Received observer notification "outer-window-destroyed" for "2147483693"
1503565473844	Marionette	DEBUG	Received observer notification "outer-window-destroyed" for "2147483694"
1503565473846	Marionette	DEBUG	Received observer notification "outer-window-destroyed" for "2147483680"
1503565473848	Marionette	DEBUG	Received observer notification "outer-window-destroyed" for "2147483691"
1503565473850	Marionette	DEBUG	Received observer notification "outer-window-destroyed" for "2147483692"
1503565473852	Marionette	DEBUG	Received observer notification "outer-window-destroyed" for "2147483681"
1503565473854	Marionette	DEBUG	Received observer notification "outer-window-destroyed" for "2147483682"
1503565473855	Marionette	DEBUG	Received observer notification "outer-window-destroyed" for "2147483683"
1503565473857	Marionette	DEBUG	Received observer notification "outer-window-destroyed" for "2147483684"
1503565473863	Marionette	DEBUG	Received DOM event "DOMContentLoaded" for "http://49297922.w2.kkkk99.net/index.php/content/hdp/2"
1503565473863	Marionette	DEBUG	Received DOM event "DOMContentLoaded" for "http://49297922.w2.kkkk99.net/index.php/content/hdp/2"
1503565473864	Marionette	DEBUG	Received DOM event "pageshow" for "http://49297922.w2.kkkk99.net/index.php/content/hdp/2"
1503565474414	Marionette	DEBUG	Received DOM event "DOMContentLoaded" for "http://49297922.w2.kkkk99.net/index.php/content/get_hdp_data"
1503565474415	Marionette	DEBUG	Received DOM event "pageshow" for "http://49297922.w2.kkkk99.net/index.php/content/get_hdp_data"
1503565474485	Marionette	DEBUG	Received DOM event "pageshow" for "http://49297922.w2.kkkk99.net/index.php/content/hdp/2"
1503565579812	Marionette	INFO	Ceased listening
1503565601811	geckodriver	INFO	Listening on 127.0.0.1:51911
1503565602879	geckodriver::marionette	INFO	Starting browser /usr/bin/firefox with args ["-marionette"]
1503565605944	Marionette	INFO	Listening on port 46595
1503565606062	Marionette	WARN	TLS certificate errors will be ignored for this session
1503565606683	Marionette	DEBUG	loaded listener.js
1503565606732	Marionette	DEBUG	Received DOM event "beforeunload" for "about:blank"
1503565607860	Marionette	DEBUG	Received DOM event "pagehide" for "about:blank"
1503565607861	Marionette	DEBUG	Received DOM event "unload" for "about:blank"
1503565612585	Marionette	DEBUG	Received DOM event "DOMContentLoaded" for "http://w2.kkkk99.net/?r=1"
1503565617184	Marionette	DEBUG	Received DOM event "pageshow" for "http://w2.kkkk99.net/?r=1"
1503565617532	Marionette	DEBUG	Received DOM event "beforeunload" for "http://w2.kkkk99.net/?r=1"
1503565619746	Marionette	DEBUG	Received DOM event "pagehide" for "http://w2.kkkk99.net/?r=1"
1503565619749	Marionette	DEBUG	Received DOM event "unload" for "http://w2.kkkk99.net/?r=1"
1503565635848	Marionette	DEBUG	Received DOM event "DOMContentLoaded" for "http://49297922.w2.kkkk99.net/index.php/main/rule"
1503565636694	Marionette	DEBUG	Received DOM event "DOMContentLoaded" for "http://49297922.w2.kkkk99.net/index.php/main/rule_text"
1503565636722	Marionette	DEBUG	Received DOM event "pageshow" for "http://49297922.w2.kkkk99.net/index.php/main/rule_text"
1503565636727	Marionette	DEBUG	Received DOM event "pageshow" for "http://49297922.w2.kkkk99.net/index.php/main/rule"
1503565636887	Marionette	DEBUG	Received DOM event "beforeunload" for "http://49297922.w2.kkkk99.net/index.php/main/rule"
1503565637455	Marionette	DEBUG	Received DOM event "pagehide" for "http://49297922.w2.kkkk99.net/index.php/main/rule"
1503565637457	Marionette	DEBUG	Received DOM event "unload" for "http://49297922.w2.kkkk99.net/index.php/main/rule"
1503565637497	Marionette	DEBUG	Received DOM event "DOMContentLoaded" for "http://49297922.w2.kkkk99.net/index.php/main"
1503565637503	Marionette	DEBUG	Received DOM event "DOMContentLoaded" for "http://49297922.w2.kkkk99.net/index.php/main"
1503565637540	Marionette	DEBUG	Received DOM event "pageshow" for "http://49297922.w2.kkkk99.net/index.php/main"
1503565637547	Marionette	DEBUG	Received observer notification "outer-window-destroyed" for "2147483654"
1503565637552	Marionette	DEBUG	Received DOM event "DOMContentLoaded" for "http://49297922.w2.kkkk99.net/index.php/main"
1503565637556	Marionette	DEBUG	Received DOM event "pageshow" for "http://49297922.w2.kkkk99.net/index.php/main"
1503565638189	Marionette	DEBUG	Received DOM event "DOMContentLoaded" for "http://49297922.w2.kkkk99.net/index.php/main/footer"
1503565638281	Marionette	DEBUG	Received DOM event "DOMContentLoaded" for "http://49297922.w2.kkkk99.net/index.php/main/topmenu"
1503565638325	Marionette	DEBUG	Received DOM event "pageshow" for "http://49297922.w2.kkkk99.net/index.php/main/footer"
1503565639425	Marionette	DEBUG	Received DOM event "pageshow" for "http://49297922.w2.kkkk99.net/index.php/main/topmenu"
1503565640025	Marionette	DEBUG	Received DOM event "DOMContentLoaded" for "http://49297922.w2.kkkk99.net/index.php/main/leftframe"
1503565640036	Marionette	DEBUG	Received DOM event "DOMContentLoaded" for "http://49297922.w2.kkkk99.net/index.php/main/leftframe"
1503565640043	Marionette	DEBUG	Received DOM event "pageshow" for "http://49297922.w2.kkkk99.net/index.php/main/leftframe"
1503565640450	Marionette	DEBUG	Received DOM event "DOMContentLoaded" for "http://49297922.w2.kkkk99.net/index.php/main/leftframe_data?2034075151"
1503565640453	Marionette	DEBUG	Received DOM event "pageshow" for "http://49297922.w2.kkkk99.net/index.php/main/leftframe_data?2034075151"
1503565640455	Marionette	DEBUG	Received DOM event "pageshow" for "http://49297922.w2.kkkk99.net/index.php/main/leftframe"
1503565640778	Marionette	DEBUG	Received DOM event "pageshow" for "http://49297922.w2.kkkk99.net/index.php/content/hdp/2"
1503565640780	Marionette	DEBUG	Received DOM event "DOMContentLoaded" for "http://49297922.w2.kkkk99.net/index.php/content/hdp/2"
1503565640782	Marionette	DEBUG	Received DOM event "DOMContentLoaded" for "http://49297922.w2.kkkk99.net/index.php/content/hdp/2"
1503565640783	Marionette	DEBUG	Received DOM event "DOMContentLoaded" for "http://49297922.w2.kkkk99.net/index.php/content/hdp/2"
1503565640785	Marionette	DEBUG	Received DOM event "pageshow" for "http://49297922.w2.kkkk99.net/index.php/content/hdp/2"
1503565641488	Marionette	DEBUG	Received DOM event "DOMContentLoaded" for "http://49297922.w2.kkkk99.net/index.php/content/get_hdp_data"
1503565641490	Marionette	DEBUG	Received DOM event "pageshow" for "http://49297922.w2.kkkk99.net/index.php/content/get_hdp_data"
1503565641529	Marionette	DEBUG	Received DOM event "pageshow" for "http://49297922.w2.kkkk99.net/index.php/content/hdp/2"
1503565641533	Marionette	DEBUG	Received DOM event "pageshow" for "http://49297922.w2.kkkk99.net/index.php/main"
1503565641580	Marionette	DEBUG	Received DOM event "beforeunload" for "http://49297922.w2.kkkk99.net/index.php/main"
1503565642537	Marionette	DEBUG	Received DOM event "pagehide" for "http://49297922.w2.kkkk99.net/index.php/main"
1503565642537	Marionette	DEBUG	Received DOM event "unload" for "http://49297922.w2.kkkk99.net/index.php/main"
1503565642571	Marionette	DEBUG	Received DOM event "DOMContentLoaded" for "http://49297922.w2.kkkk99.net/index.php/main"
1503565642589	Marionette	DEBUG	Received DOM event "DOMContentLoaded" for "http://49297922.w2.kkkk99.net/index.php/main"
1503565642602	Marionette	DEBUG	Received DOM event "pageshow" for "http://49297922.w2.kkkk99.net/index.php/main"
1503565642603	Marionette	DEBUG	Received DOM event "DOMContentLoaded" for "http://49297922.w2.kkkk99.net/index.php/main"
1503565642606	Marionette	DEBUG	Received DOM event "pageshow" for "http://49297922.w2.kkkk99.net/index.php/main"
1503565642608	Marionette	DEBUG	Received observer notification "outer-window-destroyed" for "2147483657"
1503565642609	Marionette	DEBUG	Received observer notification "outer-window-destroyed" for "2147483669"
1503565642611	Marionette	DEBUG	Received observer notification "outer-window-destroyed" for "2147483670"
1503565642612	Marionette	DEBUG	Received observer notification "outer-window-destroyed" for "2147483658"
1503565642614	Marionette	DEBUG	Received observer notification "outer-window-destroyed" for "2147483673"
1503565642616	Marionette	DEBUG	Received observer notification "outer-window-destroyed" for "2147483674"
1503565642617	Marionette	DEBUG	Received observer notification "outer-window-destroyed" for "2147483659"
1503565642619	Marionette	DEBUG	Received observer notification "outer-window-destroyed" for "2147483660"
1503565642620	Marionette	DEBUG	Received observer notification "outer-window-destroyed" for "2147483661"
1503565642622	Marionette	DEBUG	Received observer notification "outer-window-destroyed" for "2147483662"
1503565643455	Marionette	DEBUG	Received DOM event "DOMContentLoaded" for "http://49297922.w2.kkkk99.net/index.php/main/topmenu"
1503565643465	Marionette	DEBUG	Received DOM event "DOMContentLoaded" for "http://49297922.w2.kkkk99.net/index.php/main/footer"
1503565643492	Marionette	DEBUG	Received DOM event "pageshow" for "http://49297922.w2.kkkk99.net/index.php/main/topmenu"
1503565643625	Marionette	DEBUG	Received DOM event "DOMContentLoaded" for "http://49297922.w2.kkkk99.net/index.php/main/leftframe"
1503565643656	Marionette	DEBUG	Received DOM event "DOMContentLoaded" for "http://49297922.w2.kkkk99.net/index.php/main/leftframe"
1503565643663	Marionette	DEBUG	Received DOM event "pageshow" for "http://49297922.w2.kkkk99.net/index.php/main/leftframe"
1503565643730	Marionette	DEBUG	Received DOM event "pageshow" for "http://49297922.w2.kkkk99.net/index.php/main/footer"
1503565643821	Marionette	DEBUG	Received DOM event "pageshow" for "http://49297922.w2.kkkk99.net/index.php/content/hdp/2"
1503565643829	Marionette	DEBUG	Received DOM event "DOMContentLoaded" for "http://49297922.w2.kkkk99.net/index.php/content/hdp/2"
1503565643845	Marionette	DEBUG	Received DOM event "DOMContentLoaded" for "http://49297922.w2.kkkk99.net/index.php/content/hdp/2"
1503565643846	Marionette	DEBUG	Received DOM event "DOMContentLoaded" for "http://49297922.w2.kkkk99.net/index.php/content/hdp/2"
1503565643848	Marionette	DEBUG	Received DOM event "pageshow" for "http://49297922.w2.kkkk99.net/index.php/content/hdp/2"
1503565644102	Marionette	DEBUG	Received DOM event "DOMContentLoaded" for "http://49297922.w2.kkkk99.net/index.php/main/leftframe_data?1653423380"
1503565644108	Marionette	DEBUG	Received DOM event "pageshow" for "http://49297922.w2.kkkk99.net/index.php/main/leftframe_data?1653423380"
1503565644111	Marionette	DEBUG	Received DOM event "pageshow" for "http://49297922.w2.kkkk99.net/index.php/main/leftframe"
1503565644565	Marionette	DEBUG	Received DOM event "DOMContentLoaded" for "http://49297922.w2.kkkk99.net/index.php/content/get_hdp_data"
1503565644567	Marionette	DEBUG	Received DOM event "pageshow" for "http://49297922.w2.kkkk99.net/index.php/content/get_hdp_data"
1503565644609	Marionette	DEBUG	Received DOM event "pageshow" for "http://49297922.w2.kkkk99.net/index.php/content/hdp/2"
1503565644613	Marionette	DEBUG	Received DOM event "pageshow" for "http://49297922.w2.kkkk99.net/index.php/main"
1503565644646	Marionette	DEBUG	Received DOM event "beforeunload" for "http://49297922.w2.kkkk99.net/index.php/main"
1503565645121	Marionette	DEBUG	Received DOM event "pagehide" for "http://49297922.w2.kkkk99.net/index.php/main"
1503565645121	Marionette	DEBUG	Received DOM event "unload" for "http://49297922.w2.kkkk99.net/index.php/main"
1503565645463	Marionette	DEBUG	Received DOM event "pageshow" for "http://49297922.w2.kkkk99.net/index.php/content/hdp/2"
1503565645466	Marionette	DEBUG	Received DOM event "DOMContentLoaded" for "http://49297922.w2.kkkk99.net/index.php/content/hdp/2"
1503565645478	Marionette	DEBUG	Received observer notification "outer-window-destroyed" for "2147483679"
1503565645480	Marionette	DEBUG	Received observer notification "outer-window-destroyed" for "2147483691"
1503565645481	Marionette	DEBUG	Received observer notification "outer-window-destroyed" for "2147483692"
1503565645482	Marionette	DEBUG	Received observer notification "outer-window-destroyed" for "2147483680"
1503565645484	Marionette	DEBUG	Received observer notification "outer-window-destroyed" for "2147483695"
1503565645485	Marionette	DEBUG	Received observer notification "outer-window-destroyed" for "2147483696"
1503565645490	Marionette	DEBUG	Received observer notification "outer-window-destroyed" for "2147483681"
1503565645492	Marionette	DEBUG	Received observer notification "outer-window-destroyed" for "2147483682"
1503565645493	Marionette	DEBUG	Received observer notification "outer-window-destroyed" for "2147483683"
1503565645494	Marionette	DEBUG	Received observer notification "outer-window-destroyed" for "2147483684"
1503565645523	Marionette	DEBUG	Received DOM event "DOMContentLoaded" for "http://49297922.w2.kkkk99.net/index.php/content/hdp/2"
1503565645524	Marionette	DEBUG	Received DOM event "DOMContentLoaded" for "http://49297922.w2.kkkk99.net/index.php/content/hdp/2"
1503565645525	Marionette	DEBUG	Received DOM event "pageshow" for "http://49297922.w2.kkkk99.net/index.php/content/hdp/2"
1503565646124	Marionette	DEBUG	Received DOM event "DOMContentLoaded" for "http://49297922.w2.kkkk99.net/index.php/content/get_hdp_data"
1503565646126	Marionette	DEBUG	Received DOM event "pageshow" for "http://49297922.w2.kkkk99.net/index.php/content/get_hdp_data"
1503565646147	Marionette	DEBUG	Received DOM event "pageshow" for "http://49297922.w2.kkkk99.net/index.php/content/hdp/2"
1503565694742	geckodriver	INFO	Listening on 127.0.0.1:35371
1503565695809	geckodriver::marionette	INFO	Starting browser /usr/bin/firefox with args ["-marionette"]
1503565699414	Marionette	INFO	Listening on port 46201
1503565699508	Marionette	WARN	TLS certificate errors will be ignored for this session
1503565700180	Marionette	DEBUG	loaded listener.js
1503565700263	Marionette	DEBUG	Received DOM event "beforeunload" for "about:blank"
1503565701596	Marionette	DEBUG	Received DOM event "pagehide" for "about:blank"
1503565701596	Marionette	DEBUG	Received DOM event "unload" for "about:blank"
1503565705593	Marionette	DEBUG	Received DOM event "DOMContentLoaded" for "http://w2.kkkk99.net/?r=1"
1503565712807	Marionette	DEBUG	Received DOM event "pageshow" for "http://w2.kkkk99.net/?r=1"
1503565713128	Marionette	DEBUG	Received DOM event "beforeunload" for "http://w2.kkkk99.net/?r=1"
1503565715191	Marionette	DEBUG	Received DOM event "pagehide" for "http://w2.kkkk99.net/?r=1"
1503565715194	Marionette	DEBUG	Received DOM event "unload" for "http://w2.kkkk99.net/?r=1"
1503565725990	Marionette	DEBUG	Received DOM event "DOMContentLoaded" for "http://49297922.w2.kkkk99.net/index.php/main/rule"
1503565726460	Marionette	DEBUG	Received DOM event "DOMContentLoaded" for "http://49297922.w2.kkkk99.net/index.php/main/rule_text"
1503565726463	Marionette	DEBUG	Received DOM event "pageshow" for "http://49297922.w2.kkkk99.net/index.php/main/rule_text"
1503565726497	Marionette	DEBUG	Received DOM event "pageshow" for "http://49297922.w2.kkkk99.net/index.php/main/rule"
1503565726635	Marionette	DEBUG	Received DOM event "beforeunload" for "http://49297922.w2.kkkk99.net/index.php/main/rule"
1503565727167	Marionette	DEBUG	Received DOM event "pagehide" for "http://49297922.w2.kkkk99.net/index.php/main/rule"
1503565727169	Marionette	DEBUG	Received DOM event "unload" for "http://49297922.w2.kkkk99.net/index.php/main/rule"
1503565727211	Marionette	DEBUG	Received DOM event "DOMContentLoaded" for "http://49297922.w2.kkkk99.net/index.php/main"
1503565727214	Marionette	DEBUG	Received DOM event "DOMContentLoaded" for "http://49297922.w2.kkkk99.net/index.php/main"
1503565727215	Marionette	DEBUG	Received DOM event "DOMContentLoaded" for "http://49297922.w2.kkkk99.net/index.php/main"
1503565727234	Marionette	DEBUG	Received DOM event "pageshow" for "http://49297922.w2.kkkk99.net/index.php/main"
1503565727241	Marionette	DEBUG	Received DOM event "pageshow" for "http://49297922.w2.kkkk99.net/index.php/main"
1503565727244	Marionette	DEBUG	Received observer notification "outer-window-destroyed" for "2147483654"
1503565727797	Marionette	DEBUG	Received DOM event "DOMContentLoaded" for "http://49297922.w2.kkkk99.net/index.php/main/footer"
1503565728023	Marionette	DEBUG	Received DOM event "DOMContentLoaded" for "http://49297922.w2.kkkk99.net/index.php/main/topmenu"
1503565728075	Marionette	DEBUG	Received DOM event "pageshow" for "http://49297922.w2.kkkk99.net/index.php/main/footer"
1503565729360	Marionette	DEBUG	Received DOM event "pageshow" for "http://49297922.w2.kkkk99.net/index.php/main/topmenu"
1503565729710	Marionette	DEBUG	Received DOM event "DOMContentLoaded" for "http://49297922.w2.kkkk99.net/index.php/main/leftframe"
1503565729721	Marionette	DEBUG	Received DOM event "DOMContentLoaded" for "http://49297922.w2.kkkk99.net/index.php/main/leftframe"
1503565729728	Marionette	DEBUG	Received DOM event "pageshow" for "http://49297922.w2.kkkk99.net/index.php/main/leftframe"
1503565730410	Marionette	DEBUG	Received DOM event "pageshow" for "http://49297922.w2.kkkk99.net/index.php/content/hdp/2"
1503565730413	Marionette	DEBUG	Received DOM event "DOMContentLoaded" for "http://49297922.w2.kkkk99.net/index.php/content/hdp/2"
1503565730426	Marionette	DEBUG	Received DOM event "DOMContentLoaded" for "http://49297922.w2.kkkk99.net/index.php/content/hdp/2"
1503565730441	Marionette	DEBUG	Received DOM event "DOMContentLoaded" for "http://49297922.w2.kkkk99.net/index.php/content/hdp/2"
1503565730445	Marionette	DEBUG	Received DOM event "pageshow" for "http://49297922.w2.kkkk99.net/index.php/content/hdp/2"
1503565730449	Marionette	DEBUG	Received DOM event "DOMContentLoaded" for "http://49297922.w2.kkkk99.net/index.php/main/leftframe_data?194728236"
1503565730451	Marionette	DEBUG	Received DOM event "pageshow" for "http://49297922.w2.kkkk99.net/index.php/main/leftframe_data?194728236"
1503565730456	Marionette	DEBUG	Received DOM event "pageshow" for "http://49297922.w2.kkkk99.net/index.php/main/leftframe"
1503565731302	Marionette	DEBUG	Received DOM event "DOMContentLoaded" for "http://49297922.w2.kkkk99.net/index.php/content/get_hdp_data"
1503565731303	Marionette	DEBUG	Received DOM event "pageshow" for "http://49297922.w2.kkkk99.net/index.php/content/get_hdp_data"
1503565731320	Marionette	DEBUG	Received DOM event "pageshow" for "http://49297922.w2.kkkk99.net/index.php/content/hdp/2"
1503565731325	Marionette	DEBUG	Received DOM event "pageshow" for "http://49297922.w2.kkkk99.net/index.php/main"
1503565731366	Marionette	DEBUG	Received DOM event "beforeunload" for "http://49297922.w2.kkkk99.net/index.php/main"
1503565734047	Marionette	DEBUG	Received DOM event "pagehide" for "http://49297922.w2.kkkk99.net/index.php/main"
1503565734048	Marionette	DEBUG	Received DOM event "unload" for "http://49297922.w2.kkkk99.net/index.php/main"
1503565734117	Marionette	DEBUG	Received DOM event "DOMContentLoaded" for "http://49297922.w2.kkkk99.net/index.php/main"
1503565734118	Marionette	DEBUG	Received observer notification "outer-window-destroyed" for "2147483657"
1503565734120	Marionette	DEBUG	Received observer notification "outer-window-destroyed" for "2147483669"
1503565734122	Marionette	DEBUG	Received observer notification "outer-window-destroyed" for "2147483670"
1503565734124	Marionette	DEBUG	Received observer notification "outer-window-destroyed" for "2147483658"
1503565734126	Marionette	DEBUG	Received observer notification "outer-window-destroyed" for "2147483673"
1503565734127	Marionette	DEBUG	Received observer notification "outer-window-destroyed" for "2147483674"
1503565734129	Marionette	DEBUG	Received observer notification "outer-window-destroyed" for "2147483659"
1503565734134	Marionette	DEBUG	Received observer notification "outer-window-destroyed" for "2147483660"
1503565734137	Marionette	DEBUG	Received observer notification "outer-window-destroyed" for "2147483661"
1503565734138	Marionette	DEBUG	Received observer notification "outer-window-destroyed" for "2147483662"
1503565734140	Marionette	DEBUG	Received DOM event "DOMContentLoaded" for "http://49297922.w2.kkkk99.net/index.php/main"
1503565734153	Marionette	DEBUG	Received DOM event "pageshow" for "http://49297922.w2.kkkk99.net/index.php/main"
1503565734154	Marionette	DEBUG	Received DOM event "DOMContentLoaded" for "http://49297922.w2.kkkk99.net/index.php/main"
1503565734165	Marionette	DEBUG	Received DOM event "pageshow" for "http://49297922.w2.kkkk99.net/index.php/main"
1503565734920	Marionette	DEBUG	Received DOM event "DOMContentLoaded" for "http://49297922.w2.kkkk99.net/index.php/main/footer"
1503565735205	Marionette	DEBUG	Received DOM event "pageshow" for "http://49297922.w2.kkkk99.net/index.php/main/footer"
1503565735307	Marionette	DEBUG	Received DOM event "pageshow" for "http://49297922.w2.kkkk99.net/index.php/content/hdp/2"
1503565735310	Marionette	DEBUG	Received DOM event "DOMContentLoaded" for "http://49297922.w2.kkkk99.net/index.php/content/hdp/2"
1503565735322	Marionette	DEBUG	Received DOM event "DOMContentLoaded" for "http://49297922.w2.kkkk99.net/index.php/content/hdp/2"
1503565735323	Marionette	DEBUG	Received DOM event "DOMContentLoaded" for "http://49297922.w2.kkkk99.net/index.php/content/hdp/2"
1503565735326	Marionette	DEBUG	Received DOM event "pageshow" for "http://49297922.w2.kkkk99.net/index.php/content/hdp/2"
1503565735835	Marionette	DEBUG	Received DOM event "DOMContentLoaded" for "http://49297922.w2.kkkk99.net/index.php/main/topmenu"
1503565735861	Marionette	DEBUG	Received DOM event "pageshow" for "http://49297922.w2.kkkk99.net/index.php/main/topmenu"
1503565735972	Marionette	DEBUG	Received DOM event "DOMContentLoaded" for "http://49297922.w2.kkkk99.net/index.php/content/get_hdp_data"
1503565735975	Marionette	DEBUG	Received DOM event "pageshow" for "http://49297922.w2.kkkk99.net/index.php/content/get_hdp_data"
1503565736010	Marionette	DEBUG	Received DOM event "pageshow" for "http://49297922.w2.kkkk99.net/index.php/content/hdp/2"
1503565736671	Marionette	DEBUG	Received DOM event "DOMContentLoaded" for "http://49297922.w2.kkkk99.net/index.php/main/leftframe"
1503565736682	Marionette	DEBUG	Received DOM event "DOMContentLoaded" for "http://49297922.w2.kkkk99.net/index.php/main/leftframe"
1503565736686	Marionette	DEBUG	Received DOM event "pageshow" for "http://49297922.w2.kkkk99.net/index.php/main/leftframe"
1503565737371	Marionette	DEBUG	Received DOM event "DOMContentLoaded" for "http://49297922.w2.kkkk99.net/index.php/main/leftframe_data?1728985683"
1503565737373	Marionette	DEBUG	Received DOM event "pageshow" for "http://49297922.w2.kkkk99.net/index.php/main/leftframe_data?1728985683"
1503565737376	Marionette	DEBUG	Received DOM event "pageshow" for "http://49297922.w2.kkkk99.net/index.php/main/leftframe"
1503565737380	Marionette	DEBUG	Received DOM event "pageshow" for "http://49297922.w2.kkkk99.net/index.php/main"
1503565737413	Marionette	DEBUG	Received DOM event "beforeunload" for "http://49297922.w2.kkkk99.net/index.php/main"
1503565738096	Marionette	DEBUG	Received DOM event "pagehide" for "http://49297922.w2.kkkk99.net/index.php/main"
1503565738096	Marionette	DEBUG	Received DOM event "unload" for "http://49297922.w2.kkkk99.net/index.php/main"
1503565738284	Marionette	DEBUG	Received observer notification "outer-window-destroyed" for "2147483679"
1503565738286	Marionette	DEBUG	Received observer notification "outer-window-destroyed" for "2147483696"
1503565738296	Marionette	DEBUG	Received observer notification "outer-window-destroyed" for "2147483697"
1503565738301	Marionette	DEBUG	Received observer notification "outer-window-destroyed" for "2147483680"
1503565738305	Marionette	DEBUG	Received observer notification "outer-window-destroyed" for "2147483691"
1503565738307	Marionette	DEBUG	Received observer notification "outer-window-destroyed" for "2147483692"
1503565738309	Marionette	DEBUG	Received observer notification "outer-window-destroyed" for "2147483681"
1503565738311	Marionette	DEBUG	Received observer notification "outer-window-destroyed" for "2147483682"
1503565738312	Marionette	DEBUG	Received observer notification "outer-window-destroyed" for "2147483683"
1503565738314	Marionette	DEBUG	Received observer notification "outer-window-destroyed" for "2147483684"
1503565738814	Marionette	DEBUG	Received DOM event "pageshow" for "http://49297922.w2.kkkk99.net/index.php/content/hdp/2"
1503565738819	Marionette	DEBUG	Received DOM event "DOMContentLoaded" for "http://49297922.w2.kkkk99.net/index.php/content/hdp/2"
1503565738826	Marionette	DEBUG	Received DOM event "DOMContentLoaded" for "http://49297922.w2.kkkk99.net/index.php/content/hdp/2"
1503565738826	Marionette	DEBUG	Received DOM event "DOMContentLoaded" for "http://49297922.w2.kkkk99.net/index.php/content/hdp/2"
1503565738827	Marionette	DEBUG	Received DOM event "pageshow" for "http://49297922.w2.kkkk99.net/index.php/content/hdp/2"
1503565739449	Marionette	DEBUG	Received DOM event "DOMContentLoaded" for "http://49297922.w2.kkkk99.net/index.php/content/get_hdp_data"
1503565739452	Marionette	DEBUG	Received DOM event "pageshow" for "http://49297922.w2.kkkk99.net/index.php/content/get_hdp_data"
1503565739465	Marionette	DEBUG	Received DOM event "pageshow" for "http://49297922.w2.kkkk99.net/index.php/content/hdp/2"
1503565768908	Marionette	INFO	Ceased listening
1503565772064	Marionette	INFO	Ceased listening
1503565918605	geckodriver	INFO	Listening on 127.0.0.1:55741
1503565919910	geckodriver::marionette	INFO	Starting browser /usr/bin/firefox with args ["-marionette"]
1503565923182	Marionette	INFO	Listening on port 43713
1503565923289	Marionette	WARN	TLS certificate errors will be ignored for this session
1503565923852	Marionette	DEBUG	loaded listener.js
1503565923939	Marionette	DEBUG	Received DOM event "beforeunload" for "about:blank"
1503565924976	Marionette	DEBUG	Received DOM event "pagehide" for "about:blank"
1503565924976	Marionette	DEBUG	Received DOM event "unload" for "about:blank"
1503565928827	Marionette	DEBUG	Received DOM event "DOMContentLoaded" for "http://w2.kkkk99.net/?r=1"
1503565937102	Marionette	DEBUG	Received DOM event "pageshow" for "http://w2.kkkk99.net/?r=1"
1503565937417	Marionette	DEBUG	Received DOM event "beforeunload" for "http://w2.kkkk99.net/?r=1"
1503565939291	Marionette	DEBUG	Received DOM event "pagehide" for "http://w2.kkkk99.net/?r=1"
1503565939293	Marionette	DEBUG	Received DOM event "unload" for "http://w2.kkkk99.net/?r=1"
1503565949261	Marionette	DEBUG	Received DOM event "DOMContentLoaded" for "http://49297922.w2.kkkk99.net/index.php/main/rule"
1503565950516	Marionette	DEBUG	Received DOM event "DOMContentLoaded" for "http://49297922.w2.kkkk99.net/index.php/main/rule_text"
1503565950619	Marionette	DEBUG	Received DOM event "pageshow" for "http://49297922.w2.kkkk99.net/index.php/main/rule_text"
1503565950622	Marionette	DEBUG	Received DOM event "pageshow" for "http://49297922.w2.kkkk99.net/index.php/main/rule"
1503565950756	Marionette	DEBUG	Received DOM event "beforeunload" for "http://49297922.w2.kkkk99.net/index.php/main/rule"
1503565951240	Marionette	DEBUG	Received DOM event "pagehide" for "http://49297922.w2.kkkk99.net/index.php/main/rule"
1503565951241	Marionette	DEBUG	Received DOM event "unload" for "http://49297922.w2.kkkk99.net/index.php/main/rule"
1503565951302	Marionette	DEBUG	Received DOM event "DOMContentLoaded" for "http://49297922.w2.kkkk99.net/index.php/main"
1503565951302	Marionette	DEBUG	Received DOM event "DOMContentLoaded" for "http://49297922.w2.kkkk99.net/index.php/main"
1503565951323	Marionette	DEBUG	Received DOM event "pageshow" for "http://49297922.w2.kkkk99.net/index.php/main"
1503565951324	Marionette	DEBUG	Received DOM event "DOMContentLoaded" for "http://49297922.w2.kkkk99.net/index.php/main"
1503565951328	Marionette	DEBUG	Received DOM event "pageshow" for "http://49297922.w2.kkkk99.net/index.php/main"
1503565951331	Marionette	DEBUG	Received observer notification "outer-window-destroyed" for "2147483654"
1503565952256	Marionette	DEBUG	Received DOM event "DOMContentLoaded" for "http://49297922.w2.kkkk99.net/index.php/main/topmenu"
1503565953017	Marionette	DEBUG	Received DOM event "DOMContentLoaded" for "http://49297922.w2.kkkk99.net/index.php/main/footer"
1503565953060	Marionette	DEBUG	Received DOM event "pageshow" for "http://49297922.w2.kkkk99.net/index.php/main/footer"
1503565953872	Marionette	DEBUG	Received DOM event "DOMContentLoaded" for "http://49297922.w2.kkkk99.net/index.php/main/leftframe"
1503565953882	Marionette	DEBUG	Received DOM event "DOMContentLoaded" for "http://49297922.w2.kkkk99.net/index.php/main/leftframe"
1503565953886	Marionette	DEBUG	Received DOM event "pageshow" for "http://49297922.w2.kkkk99.net/index.php/main/leftframe"
1503565955945	Marionette	DEBUG	Received DOM event "pageshow" for "http://49297922.w2.kkkk99.net/index.php/content/hdp/2"
1503565955949	Marionette	DEBUG	Received DOM event "DOMContentLoaded" for "http://49297922.w2.kkkk99.net/index.php/content/hdp/2"
1503565955967	Marionette	DEBUG	Received DOM event "DOMContentLoaded" for "http://49297922.w2.kkkk99.net/index.php/content/hdp/2"
1503565955968	Marionette	DEBUG	Received DOM event "DOMContentLoaded" for "http://49297922.w2.kkkk99.net/index.php/content/hdp/2"
1503565955970	Marionette	DEBUG	Received DOM event "pageshow" for "http://49297922.w2.kkkk99.net/index.php/content/hdp/2"
1503565955980	Marionette	DEBUG	Received DOM event "DOMContentLoaded" for "http://49297922.w2.kkkk99.net/index.php/main/leftframe_data?526507970"
1503565955982	Marionette	DEBUG	Received DOM event "pageshow" for "http://49297922.w2.kkkk99.net/index.php/main/leftframe_data?526507970"
1503565955983	Marionette	DEBUG	Received DOM event "pageshow" for "http://49297922.w2.kkkk99.net/index.php/main/leftframe"
1503565956400	Marionette	DEBUG	Received DOM event "pageshow" for "http://49297922.w2.kkkk99.net/index.php/main/topmenu"
1503565957074	Marionette	DEBUG	Received DOM event "DOMContentLoaded" for "http://49297922.w2.kkkk99.net/index.php/content/get_hdp_data"
1503565957076	Marionette	DEBUG	Received DOM event "pageshow" for "http://49297922.w2.kkkk99.net/index.php/content/get_hdp_data"
1503565957100	Marionette	DEBUG	Received DOM event "pageshow" for "http://49297922.w2.kkkk99.net/index.php/content/hdp/2"
1503565957103	Marionette	DEBUG	Received DOM event "pageshow" for "http://49297922.w2.kkkk99.net/index.php/main"
1503565957161	Marionette	DEBUG	Received DOM event "beforeunload" for "http://49297922.w2.kkkk99.net/index.php/main"
1503565958158	Marionette	DEBUG	Received DOM event "pagehide" for "http://49297922.w2.kkkk99.net/index.php/main"
1503565958159	Marionette	DEBUG	Received DOM event "unload" for "http://49297922.w2.kkkk99.net/index.php/main"
1503565958190	Marionette	DEBUG	Received DOM event "DOMContentLoaded" for "http://49297922.w2.kkkk99.net/index.php/main"
1503565958190	Marionette	DEBUG	Received DOM event "DOMContentLoaded" for "http://49297922.w2.kkkk99.net/index.php/main"
1503565958203	Marionette	DEBUG	Received DOM event "DOMContentLoaded" for "http://49297922.w2.kkkk99.net/index.php/main"
1503565958215	Marionette	DEBUG	Received DOM event "pageshow" for "http://49297922.w2.kkkk99.net/index.php/main"
1503565958217	Marionette	DEBUG	Received DOM event "pageshow" for "http://49297922.w2.kkkk99.net/index.php/main"
1503565958220	Marionette	DEBUG	Received observer notification "outer-window-destroyed" for "2147483657"
1503565958223	Marionette	DEBUG	Received observer notification "outer-window-destroyed" for "2147483669"
1503565958225	Marionette	DEBUG	Received observer notification "outer-window-destroyed" for "2147483670"
1503565958227	Marionette	DEBUG	Received observer notification "outer-window-destroyed" for "2147483658"
1503565958229	Marionette	DEBUG	Received observer notification "outer-window-destroyed" for "2147483673"
1503565958231	Marionette	DEBUG	Received observer notification "outer-window-destroyed" for "2147483674"
1503565958233	Marionette	DEBUG	Received observer notification "outer-window-destroyed" for "2147483659"
1503565958234	Marionette	DEBUG	Received observer notification "outer-window-destroyed" for "2147483660"
1503565958236	Marionette	DEBUG	Received observer notification "outer-window-destroyed" for "2147483661"
1503565958238	Marionette	DEBUG	Received observer notification "outer-window-destroyed" for "2147483662"
1503565958838	Marionette	DEBUG	Received DOM event "DOMContentLoaded" for "http://49297922.w2.kkkk99.net/index.php/main/footer"
1503565959008	Marionette	DEBUG	Received DOM event "DOMContentLoaded" for "http://49297922.w2.kkkk99.net/index.php/main/topmenu"
1503565959264	Marionette	DEBUG	Received DOM event "pageshow" for "http://49297922.w2.kkkk99.net/index.php/main/topmenu"
1503565959360	Marionette	DEBUG	Received DOM event "pageshow" for "http://49297922.w2.kkkk99.net/index.php/content/hdp/2"
1503565959363	Marionette	DEBUG	Received DOM event "DOMContentLoaded" for "http://49297922.w2.kkkk99.net/index.php/content/hdp/2"
1503565959411	Marionette	DEBUG	Received DOM event "DOMContentLoaded" for "http://49297922.w2.kkkk99.net/index.php/main/leftframe"
1503565959413	Marionette	DEBUG	Received DOM event "pageshow" for "http://49297922.w2.kkkk99.net/index.php/main/footer"
1503565959414	Marionette	DEBUG	Received DOM event "DOMContentLoaded" for "http://49297922.w2.kkkk99.net/index.php/content/hdp/2"
1503565959424	Marionette	DEBUG	Received DOM event "DOMContentLoaded" for "http://49297922.w2.kkkk99.net/index.php/content/hdp/2"
1503565959425	Marionette	DEBUG	Received DOM event "pageshow" for "http://49297922.w2.kkkk99.net/index.php/content/hdp/2"
1503565959426	Marionette	DEBUG	Received DOM event "DOMContentLoaded" for "http://49297922.w2.kkkk99.net/index.php/main/leftframe"
1503565959428	Marionette	DEBUG	Received DOM event "pageshow" for "http://49297922.w2.kkkk99.net/index.php/main/leftframe"
1503565959843	Marionette	DEBUG	Received DOM event "DOMContentLoaded" for "http://49297922.w2.kkkk99.net/index.php/main/leftframe_data?1006682217"
1503565959845	Marionette	DEBUG	Received DOM event "pageshow" for "http://49297922.w2.kkkk99.net/index.php/main/leftframe_data?1006682217"
1503565959846	Marionette	DEBUG	Received DOM event "pageshow" for "http://49297922.w2.kkkk99.net/index.php/main/leftframe"
1503565960231	Marionette	DEBUG	Received DOM event "DOMContentLoaded" for "http://49297922.w2.kkkk99.net/index.php/content/get_hdp_data"
1503565960233	Marionette	DEBUG	Received DOM event "pageshow" for "http://49297922.w2.kkkk99.net/index.php/content/get_hdp_data"
1503565960236	Marionette	DEBUG	Received DOM event "pageshow" for "http://49297922.w2.kkkk99.net/index.php/content/hdp/2"
1503565960238	Marionette	DEBUG	Received DOM event "pageshow" for "http://49297922.w2.kkkk99.net/index.php/main"
1503565960284	Marionette	DEBUG	Received DOM event "beforeunload" for "http://49297922.w2.kkkk99.net/index.php/main"
1503565960858	Marionette	DEBUG	Received DOM event "pagehide" for "http://49297922.w2.kkkk99.net/index.php/main"
1503565960858	Marionette	DEBUG	Received DOM event "unload" for "http://49297922.w2.kkkk99.net/index.php/main"
1503565961159	Marionette	DEBUG	Received DOM event "pageshow" for "http://49297922.w2.kkkk99.net/index.php/content/hdp/2"
1503565961162	Marionette	DEBUG	Received DOM event "DOMContentLoaded" for "http://49297922.w2.kkkk99.net/index.php/content/hdp/2"
1503565961164	Marionette	DEBUG	Received observer notification "outer-window-destroyed" for "2147483679"
1503565961166	Marionette	DEBUG	Received observer notification "outer-window-destroyed" for "2147483693"
1503565961167	Marionette	DEBUG	Received observer notification "outer-window-destroyed" for "2147483694"
1503565961169	Marionette	DEBUG	Received observer notification "outer-window-destroyed" for "2147483680"
1503565961171	Marionette	DEBUG	Received observer notification "outer-window-destroyed" for "2147483691"
1503565961172	Marionette	DEBUG	Received observer notification "outer-window-destroyed" for "2147483692"
1503565961174	Marionette	DEBUG	Received observer notification "outer-window-destroyed" for "2147483681"
1503565961175	Marionette	DEBUG	Received observer notification "outer-window-destroyed" for "2147483682"
1503565961177	Marionette	DEBUG	Received observer notification "outer-window-destroyed" for "2147483683"
1503565961178	Marionette	DEBUG	Received observer notification "outer-window-destroyed" for "2147483684"
1503565961183	Marionette	DEBUG	Received DOM event "DOMContentLoaded" for "http://49297922.w2.kkkk99.net/index.php/content/hdp/2"
1503565961184	Marionette	DEBUG	Received DOM event "DOMContentLoaded" for "http://49297922.w2.kkkk99.net/index.php/content/hdp/2"
1503565961185	Marionette	DEBUG	Received DOM event "pageshow" for "http://49297922.w2.kkkk99.net/index.php/content/hdp/2"
1503565961858	Marionette	DEBUG	Received DOM event "DOMContentLoaded" for "http://49297922.w2.kkkk99.net/index.php/content/get_hdp_data"
1503565961859	Marionette	DEBUG	Received DOM event "pageshow" for "http://49297922.w2.kkkk99.net/index.php/content/get_hdp_data"
1503565961878	Marionette	DEBUG	Received DOM event "pageshow" for "http://49297922.w2.kkkk99.net/index.php/content/hdp/2"
1503566278206	geckodriver	INFO	Listening on 127.0.0.1:41435
1503566279283	geckodriver::marionette	INFO	Starting browser /usr/bin/firefox with args ["-marionette"]
1503566282583	Marionette	INFO	Listening on port 38025
1503566282694	Marionette	WARN	TLS certificate errors will be ignored for this session
1503566283212	Marionette	DEBUG	loaded listener.js
1503566283294	Marionette	DEBUG	Received DOM event "beforeunload" for "about:blank"
1503566284400	Marionette	DEBUG	Received DOM event "pagehide" for "about:blank"
1503566284400	Marionette	DEBUG	Received DOM event "unload" for "about:blank"
1503566292825	Marionette	DEBUG	Received DOM event "DOMContentLoaded" for "http://w2.kkkk99.net/?r=1"
1503566299050	Marionette	DEBUG	Received DOM event "pageshow" for "http://w2.kkkk99.net/?r=1"
1503566299378	Marionette	DEBUG	Received DOM event "beforeunload" for "http://w2.kkkk99.net/?r=1"
1503566301496	Marionette	DEBUG	Received DOM event "pagehide" for "http://w2.kkkk99.net/?r=1"
1503566301496	Marionette	DEBUG	Received DOM event "unload" for "http://w2.kkkk99.net/?r=1"
1503566308703	Marionette	DEBUG	Received DOM event "DOMContentLoaded" for "http://49297922.w2.kkkk99.net/index.php/main/rule"
1503566309200	Marionette	DEBUG	Received DOM event "DOMContentLoaded" for "http://49297922.w2.kkkk99.net/index.php/main/rule_text"
1503566309300	Marionette	DEBUG	Received DOM event "pageshow" for "http://49297922.w2.kkkk99.net/index.php/main/rule_text"
1503566309334	Marionette	DEBUG	Received DOM event "pageshow" for "http://49297922.w2.kkkk99.net/index.php/main/rule"
1503566309477	Marionette	DEBUG	Received DOM event "beforeunload" for "http://49297922.w2.kkkk99.net/index.php/main/rule"
1503566310018	Marionette	DEBUG	Received DOM event "pagehide" for "http://49297922.w2.kkkk99.net/index.php/main/rule"
1503566310021	Marionette	DEBUG	Received DOM event "unload" for "http://49297922.w2.kkkk99.net/index.php/main/rule"
1503566310087	Marionette	DEBUG	Received DOM event "DOMContentLoaded" for "http://49297922.w2.kkkk99.net/index.php/main"
1503566310088	Marionette	DEBUG	Received observer notification "outer-window-destroyed" for "2147483654"
1503566310091	Marionette	DEBUG	Received DOM event "DOMContentLoaded" for "http://49297922.w2.kkkk99.net/index.php/main"
1503566310109	Marionette	DEBUG	Received DOM event "pageshow" for "http://49297922.w2.kkkk99.net/index.php/main"
1503566310117	Marionette	DEBUG	Received DOM event "DOMContentLoaded" for "http://49297922.w2.kkkk99.net/index.php/main"
1503566310122	Marionette	DEBUG	Received DOM event "pageshow" for "http://49297922.w2.kkkk99.net/index.php/main"
1503566310889	Marionette	DEBUG	Received DOM event "DOMContentLoaded" for "http://49297922.w2.kkkk99.net/index.php/main/topmenu"
1503566310915	Marionette	DEBUG	Received DOM event "DOMContentLoaded" for "http://49297922.w2.kkkk99.net/index.php/main/footer"
1503566310976	Marionette	DEBUG	Received DOM event "pageshow" for "http://49297922.w2.kkkk99.net/index.php/main/footer"
1503566313073	Marionette	DEBUG	Received DOM event "DOMContentLoaded" for "http://49297922.w2.kkkk99.net/index.php/main/leftframe"
1503566313084	Marionette	DEBUG	Received DOM event "DOMContentLoaded" for "http://49297922.w2.kkkk99.net/index.php/main/leftframe"
1503566313089	Marionette	DEBUG	Received DOM event "pageshow" for "http://49297922.w2.kkkk99.net/index.php/main/leftframe"
1503566313483	Marionette	DEBUG	Received DOM event "pageshow" for "http://49297922.w2.kkkk99.net/index.php/content/hdp/2"
1503566313485	Marionette	DEBUG	Received DOM event "DOMContentLoaded" for "http://49297922.w2.kkkk99.net/index.php/content/hdp/2"
1503566313494	Marionette	DEBUG	Received DOM event "DOMContentLoaded" for "http://49297922.w2.kkkk99.net/index.php/content/hdp/2"
1503566313496	Marionette	DEBUG	Received DOM event "DOMContentLoaded" for "http://49297922.w2.kkkk99.net/index.php/content/hdp/2"
1503566313498	Marionette	DEBUG	Received DOM event "pageshow" for "http://49297922.w2.kkkk99.net/index.php/content/hdp/2"
1503566313652	Marionette	DEBUG	Received DOM event "DOMContentLoaded" for "http://49297922.w2.kkkk99.net/index.php/main/leftframe_data?1936330762"
1503566313654	Marionette	DEBUG	Received DOM event "pageshow" for "http://49297922.w2.kkkk99.net/index.php/main/leftframe_data?1936330762"
1503566314287	Marionette	DEBUG	Received DOM event "DOMContentLoaded" for "http://49297922.w2.kkkk99.net/index.php/content/get_hdp_data"
1503566314289	Marionette	DEBUG	Received DOM event "pageshow" for "http://49297922.w2.kkkk99.net/index.php/content/get_hdp_data"
1503566314338	Marionette	DEBUG	Received DOM event "pageshow" for "http://49297922.w2.kkkk99.net/index.php/content/hdp/2"
1503566316184	Marionette	DEBUG	Received DOM event "pageshow" for "http://49297922.w2.kkkk99.net/index.php/main/leftframe"
1503566316836	Marionette	DEBUG	Received DOM event "pageshow" for "http://49297922.w2.kkkk99.net/index.php/main/topmenu"
1503566316840	Marionette	DEBUG	Received DOM event "pageshow" for "http://49297922.w2.kkkk99.net/index.php/main"
1503566316978	Marionette	DEBUG	Received DOM event "beforeunload" for "http://49297922.w2.kkkk99.net/index.php/main"
1503566318086	Marionette	DEBUG	Received DOM event "pagehide" for "http://49297922.w2.kkkk99.net/index.php/main"
1503566318087	Marionette	DEBUG	Received DOM event "unload" for "http://49297922.w2.kkkk99.net/index.php/main"
1503566318109	Marionette	DEBUG	Received DOM event "DOMContentLoaded" for "http://49297922.w2.kkkk99.net/index.php/main"
1503566318133	Marionette	DEBUG	Received DOM event "DOMContentLoaded" for "http://49297922.w2.kkkk99.net/index.php/main"
1503566318133	Marionette	DEBUG	Received DOM event "DOMContentLoaded" for "http://49297922.w2.kkkk99.net/index.php/main"
1503566318146	Marionette	DEBUG	Received DOM event "pageshow" for "http://49297922.w2.kkkk99.net/index.php/main"
1503566318152	Marionette	DEBUG	Received DOM event "pageshow" for "http://49297922.w2.kkkk99.net/index.php/main"
1503566318154	Marionette	DEBUG	Received observer notification "outer-window-destroyed" for "2147483657"
1503566318157	Marionette	DEBUG	Received observer notification "outer-window-destroyed" for "2147483669"
1503566318159	Marionette	DEBUG	Received observer notification "outer-window-destroyed" for "2147483670"
1503566318161	Marionette	DEBUG	Received observer notification "outer-window-destroyed" for "2147483658"
1503566318164	Marionette	DEBUG	Received observer notification "outer-window-destroyed" for "2147483673"
1503566318166	Marionette	DEBUG	Received observer notification "outer-window-destroyed" for "2147483674"
1503566318167	Marionette	DEBUG	Received observer notification "outer-window-destroyed" for "2147483659"
1503566318168	Marionette	DEBUG	Received observer notification "outer-window-destroyed" for "2147483660"
1503566318170	Marionette	DEBUG	Received observer notification "outer-window-destroyed" for "2147483661"
1503566318171	Marionette	DEBUG	Received observer notification "outer-window-destroyed" for "2147483662"
1503566318996	Marionette	DEBUG	Received DOM event "DOMContentLoaded" for "http://49297922.w2.kkkk99.net/index.php/main/footer"
1503566319312	Marionette	DEBUG	Received DOM event "DOMContentLoaded" for "http://49297922.w2.kkkk99.net/index.php/main/topmenu"
1503566319343	Marionette	DEBUG	Received DOM event "pageshow" for "http://49297922.w2.kkkk99.net/index.php/main/footer"
1503566319488	Marionette	DEBUG	Received DOM event "pageshow" for "http://49297922.w2.kkkk99.net/index.php/main/topmenu"
1503566319531	Marionette	DEBUG	Received DOM event "DOMContentLoaded" for "http://49297922.w2.kkkk99.net/index.php/main/leftframe"
1503566319540	Marionette	DEBUG	Received DOM event "DOMContentLoaded" for "http://49297922.w2.kkkk99.net/index.php/main/leftframe"
1503566319541	Marionette	DEBUG	Received DOM event "pageshow" for "http://49297922.w2.kkkk99.net/index.php/main/leftframe"
1503566320047	Marionette	DEBUG	Received DOM event "DOMContentLoaded" for "http://49297922.w2.kkkk99.net/index.php/main/leftframe_data?980555174"
1503566320053	Marionette	DEBUG	Received DOM event "pageshow" for "http://49297922.w2.kkkk99.net/index.php/main/leftframe_data?980555174"
1503566320057	Marionette	DEBUG	Received DOM event "pageshow" for "http://49297922.w2.kkkk99.net/index.php/main/leftframe"
1503566322341	Marionette	DEBUG	Received DOM event "pageshow" for "http://49297922.w2.kkkk99.net/index.php/content/hdp/2"
1503566322344	Marionette	DEBUG	Received DOM event "DOMContentLoaded" for "http://49297922.w2.kkkk99.net/index.php/content/hdp/2"
1503566322350	Marionette	DEBUG	Received DOM event "DOMContentLoaded" for "http://49297922.w2.kkkk99.net/index.php/content/hdp/2"
1503566322350	Marionette	DEBUG	Received DOM event "DOMContentLoaded" for "http://49297922.w2.kkkk99.net/index.php/content/hdp/2"
1503566322353	Marionette	DEBUG	Received DOM event "pageshow" for "http://49297922.w2.kkkk99.net/index.php/content/hdp/2"
1503566323621	Marionette	DEBUG	Received DOM event "DOMContentLoaded" for "http://49297922.w2.kkkk99.net/index.php/content/get_hdp_data"
1503566323624	Marionette	DEBUG	Received DOM event "pageshow" for "http://49297922.w2.kkkk99.net/index.php/content/get_hdp_data"
1503566323664	Marionette	DEBUG	Received DOM event "pageshow" for "http://49297922.w2.kkkk99.net/index.php/content/hdp/2"
1503566323667	Marionette	DEBUG	Received DOM event "pageshow" for "http://49297922.w2.kkkk99.net/index.php/main"
1503566323692	Marionette	DEBUG	Received DOM event "beforeunload" for "http://49297922.w2.kkkk99.net/index.php/main"
1503566324230	Marionette	DEBUG	Received DOM event "pagehide" for "http://49297922.w2.kkkk99.net/index.php/main"
1503566324231	Marionette	DEBUG	Received DOM event "unload" for "http://49297922.w2.kkkk99.net/index.php/main"
1503566324577	Marionette	DEBUG	Received DOM event "pageshow" for "http://49297922.w2.kkkk99.net/index.php/content/hdp/2"
1503566324579	Marionette	DEBUG	Received DOM event "DOMContentLoaded" for "http://49297922.w2.kkkk99.net/index.php/content/hdp/2"
1503566324582	Marionette	DEBUG	Received observer notification "outer-window-destroyed" for "2147483679"
1503566324583	Marionette	DEBUG	Received observer notification "outer-window-destroyed" for "2147483691"
1503566324585	Marionette	DEBUG	Received observer notification "outer-window-destroyed" for "2147483692"
1503566324587	Marionette	DEBUG	Received observer notification "outer-window-destroyed" for "2147483680"
1503566324589	Marionette	DEBUG	Received observer notification "outer-window-destroyed" for "2147483695"
1503566324591	Marionette	DEBUG	Received observer notification "outer-window-destroyed" for "2147483696"
1503566324593	Marionette	DEBUG	Received observer notification "outer-window-destroyed" for "2147483681"
1503566324595	Marionette	DEBUG	Received observer notification "outer-window-destroyed" for "2147483682"
1503566324597	Marionette	DEBUG	Received observer notification "outer-window-destroyed" for "2147483683"
1503566324598	Marionette	DEBUG	Received observer notification "outer-window-destroyed" for "2147483684"
1503566324599	Marionette	DEBUG	Received DOM event "DOMContentLoaded" for "http://49297922.w2.kkkk99.net/index.php/content/hdp/2"
1503566324604	Marionette	DEBUG	Received DOM event "DOMContentLoaded" for "http://49297922.w2.kkkk99.net/index.php/content/hdp/2"
1503566324606	Marionette	DEBUG	Received DOM event "pageshow" for "http://49297922.w2.kkkk99.net/index.php/content/hdp/2"
1503566325346	Marionette	DEBUG	Received DOM event "DOMContentLoaded" for "http://49297922.w2.kkkk99.net/index.php/content/get_hdp_data"
1503566325348	Marionette	DEBUG	Received DOM event "pageshow" for "http://49297922.w2.kkkk99.net/index.php/content/get_hdp_data"
1503566325380	Marionette	DEBUG	Received DOM event "pageshow" for "http://49297922.w2.kkkk99.net/index.php/content/hdp/2"
*************************
A coding exception was thrown and uncaught in a Task.

Full message: TypeError: NetworkError when attempting to fetch resource.
Full stack: 
*************************
1503566693876	Marionette	INFO	Ceased listening
1503568744725	geckodriver	INFO	Listening on 127.0.0.1:53773
1503568746013	geckodriver::marionette	INFO	Starting browser /usr/bin/firefox with args ["-marionette"]
1503568749733	Marionette	INFO	Listening on port 39425
1503568749870	Marionette	WARN	TLS certificate errors will be ignored for this session
1503568750375	Marionette	DEBUG	loaded listener.js
1503568750439	Marionette	DEBUG	Received DOM event "beforeunload" for "about:blank"
1503568751404	Marionette	DEBUG	Received DOM event "pagehide" for "about:blank"
1503568751406	Marionette	DEBUG	Received DOM event "unload" for "about:blank"
1503568753456	Marionette	DEBUG	Received DOM event "DOMContentLoaded" for "http://w2.kkkk99.net/?r=1"
1503568757479	Marionette	DEBUG	Received DOM event "pageshow" for "http://w2.kkkk99.net/?r=1"
1503568757925	Marionette	DEBUG	Received DOM event "beforeunload" for "http://w2.kkkk99.net/?r=1"
1503568759780	Marionette	DEBUG	Received DOM event "pagehide" for "http://w2.kkkk99.net/?r=1"
1503568759783	Marionette	DEBUG	Received DOM event "unload" for "http://w2.kkkk99.net/?r=1"
1503568764390	Marionette	DEBUG	Received DOM event "DOMContentLoaded" for "http://49297922.w2.kkkk99.net/index.php/main/rule"
1503568765439	Marionette	DEBUG	Received DOM event "DOMContentLoaded" for "http://49297922.w2.kkkk99.net/index.php/main/rule_text"
1503568765522	Marionette	DEBUG	Received DOM event "pageshow" for "http://49297922.w2.kkkk99.net/index.php/main/rule_text"
1503568765525	Marionette	DEBUG	Received DOM event "pageshow" for "http://49297922.w2.kkkk99.net/index.php/main/rule"
1503568765703	Marionette	DEBUG	Received DOM event "beforeunload" for "http://49297922.w2.kkkk99.net/index.php/main/rule"
1503568766205	Marionette	DEBUG	Received DOM event "pagehide" for "http://49297922.w2.kkkk99.net/index.php/main/rule"
1503568766209	Marionette	DEBUG	Received DOM event "unload" for "http://49297922.w2.kkkk99.net/index.php/main/rule"
1503568766289	Marionette	DEBUG	Received DOM event "DOMContentLoaded" for "http://49297922.w2.kkkk99.net/index.php/main"
1503568766290	Marionette	DEBUG	Received observer notification "outer-window-destroyed" for "2147483654"
1503568766292	Marionette	DEBUG	Received DOM event "DOMContentLoaded" for "http://49297922.w2.kkkk99.net/index.php/main"
1503568766310	Marionette	DEBUG	Received DOM event "pageshow" for "http://49297922.w2.kkkk99.net/index.php/main"
1503568766314	Marionette	DEBUG	Received DOM event "DOMContentLoaded" for "http://49297922.w2.kkkk99.net/index.php/main"
1503568766316	Marionette	DEBUG	Received DOM event "pageshow" for "http://49297922.w2.kkkk99.net/index.php/main"
1503568766870	Marionette	DEBUG	Received DOM event "DOMContentLoaded" for "http://49297922.w2.kkkk99.net/index.php/main/footer"
1503568767064	Marionette	DEBUG	Received DOM event "DOMContentLoaded" for "http://49297922.w2.kkkk99.net/index.php/main/topmenu"
1503568767095	Marionette	DEBUG	Received DOM event "pageshow" for "http://49297922.w2.kkkk99.net/index.php/main/footer"
1503568768326	Marionette	DEBUG	Received DOM event "DOMContentLoaded" for "http://49297922.w2.kkkk99.net/index.php/main/leftframe"
1503568768344	Marionette	DEBUG	Received DOM event "DOMContentLoaded" for "http://49297922.w2.kkkk99.net/index.php/main/leftframe"
1503568768351	Marionette	DEBUG	Received DOM event "pageshow" for "http://49297922.w2.kkkk99.net/index.php/main/leftframe"
1503568768623	Marionette	DEBUG	Received DOM event "pageshow" for "http://49297922.w2.kkkk99.net/index.php/main/topmenu"
1503568768869	Marionette	DEBUG	Received DOM event "pageshow" for "http://49297922.w2.kkkk99.net/index.php/content/hdp/2"
1503568768872	Marionette	DEBUG	Received DOM event "DOMContentLoaded" for "http://49297922.w2.kkkk99.net/index.php/content/hdp/2"
1503568768874	Marionette	DEBUG	Received DOM event "DOMContentLoaded" for "http://49297922.w2.kkkk99.net/index.php/content/hdp/2"
1503568768875	Marionette	DEBUG	Received DOM event "DOMContentLoaded" for "http://49297922.w2.kkkk99.net/index.php/content/hdp/2"
1503568768880	Marionette	DEBUG	Received DOM event "pageshow" for "http://49297922.w2.kkkk99.net/index.php/content/hdp/2"
1503568768907	Marionette	DEBUG	Received DOM event "DOMContentLoaded" for "http://49297922.w2.kkkk99.net/index.php/main/leftframe_data?1003021615"
1503568768909	Marionette	DEBUG	Received DOM event "pageshow" for "http://49297922.w2.kkkk99.net/index.php/main/leftframe_data?1003021615"
1503568768917	Marionette	DEBUG	Received DOM event "pageshow" for "http://49297922.w2.kkkk99.net/index.php/main/leftframe"
1503568770197	Marionette	DEBUG	Received DOM event "DOMContentLoaded" for "http://49297922.w2.kkkk99.net/index.php/content/get_hdp_data"
1503568770199	Marionette	DEBUG	Received DOM event "pageshow" for "http://49297922.w2.kkkk99.net/index.php/content/get_hdp_data"
1503568770233	Marionette	DEBUG	Received DOM event "pageshow" for "http://49297922.w2.kkkk99.net/index.php/content/hdp/2"
1503568770236	Marionette	DEBUG	Received DOM event "pageshow" for "http://49297922.w2.kkkk99.net/index.php/main"
1503568770298	Marionette	DEBUG	Received DOM event "beforeunload" for "http://49297922.w2.kkkk99.net/index.php/main"
1503568771272	Marionette	DEBUG	Received DOM event "pagehide" for "http://49297922.w2.kkkk99.net/index.php/main"
1503568771272	Marionette	DEBUG	Received DOM event "unload" for "http://49297922.w2.kkkk99.net/index.php/main"
1503568771309	Marionette	DEBUG	Received DOM event "DOMContentLoaded" for "http://49297922.w2.kkkk99.net/index.php/main"
1503568771322	Marionette	DEBUG	Received DOM event "DOMContentLoaded" for "http://49297922.w2.kkkk99.net/index.php/main"
1503568771323	Marionette	DEBUG	Received DOM event "DOMContentLoaded" for "http://49297922.w2.kkkk99.net/index.php/main"
1503568771339	Marionette	DEBUG	Received DOM event "pageshow" for "http://49297922.w2.kkkk99.net/index.php/main"
1503568771342	Marionette	DEBUG	Received DOM event "pageshow" for "http://49297922.w2.kkkk99.net/index.php/main"
1503568771344	Marionette	DEBUG	Received observer notification "outer-window-destroyed" for "2147483657"
1503568771346	Marionette	DEBUG	Received observer notification "outer-window-destroyed" for "2147483669"
1503568771349	Marionette	DEBUG	Received observer notification "outer-window-destroyed" for "2147483670"
1503568771351	Marionette	DEBUG	Received observer notification "outer-window-destroyed" for "2147483658"
1503568771353	Marionette	DEBUG	Received observer notification "outer-window-destroyed" for "2147483673"
1503568771354	Marionette	DEBUG	Received observer notification "outer-window-destroyed" for "2147483674"
1503568771355	Marionette	DEBUG	Received observer notification "outer-window-destroyed" for "2147483659"
1503568771356	Marionette	DEBUG	Received observer notification "outer-window-destroyed" for "2147483660"
1503568771358	Marionette	DEBUG	Received observer notification "outer-window-destroyed" for "2147483661"
1503568771361	Marionette	DEBUG	Received observer notification "outer-window-destroyed" for "2147483662"
1503568771924	Marionette	DEBUG	Received DOM event "DOMContentLoaded" for "http://49297922.w2.kkkk99.net/index.php/main/footer"
1503568772126	Marionette	DEBUG	Received DOM event "DOMContentLoaded" for "http://49297922.w2.kkkk99.net/index.php/main/topmenu"
1503568772170	Marionette	DEBUG	Received DOM event "pageshow" for "http://49297922.w2.kkkk99.net/index.php/main/topmenu"
1503568772298	Marionette	DEBUG	Received DOM event "pageshow" for "http://49297922.w2.kkkk99.net/index.php/main/footer"
1503568772324	Marionette	DEBUG	Received DOM event "DOMContentLoaded" for "http://49297922.w2.kkkk99.net/index.php/main/leftframe"
1503568772395	Marionette	DEBUG	Received DOM event "DOMContentLoaded" for "http://49297922.w2.kkkk99.net/index.php/main/leftframe"
1503568772403	Marionette	DEBUG	Received DOM event "pageshow" for "http://49297922.w2.kkkk99.net/index.php/main/leftframe"
1503568772479	Marionette	DEBUG	Received DOM event "pageshow" for "http://49297922.w2.kkkk99.net/index.php/content/hdp/2"
1503568772482	Marionette	DEBUG	Received DOM event "DOMContentLoaded" for "http://49297922.w2.kkkk99.net/index.php/content/hdp/2"
1503568772492	Marionette	DEBUG	Received DOM event "DOMContentLoaded" for "http://49297922.w2.kkkk99.net/index.php/content/hdp/2"
1503568772493	Marionette	DEBUG	Received DOM event "DOMContentLoaded" for "http://49297922.w2.kkkk99.net/index.php/content/hdp/2"
1503568772494	Marionette	DEBUG	Received DOM event "pageshow" for "http://49297922.w2.kkkk99.net/index.php/content/hdp/2"
1503568773161	Marionette	DEBUG	Received DOM event "DOMContentLoaded" for "http://49297922.w2.kkkk99.net/index.php/content/get_hdp_data"
1503568773164	Marionette	DEBUG	Received DOM event "pageshow" for "http://49297922.w2.kkkk99.net/index.php/content/get_hdp_data"
1503568773202	Marionette	DEBUG	Received DOM event "pageshow" for "http://49297922.w2.kkkk99.net/index.php/content/hdp/2"
1503568773435	Marionette	DEBUG	Received DOM event "DOMContentLoaded" for "http://49297922.w2.kkkk99.net/index.php/main/leftframe_data?785157726"
1503568773438	Marionette	DEBUG	Received DOM event "pageshow" for "http://49297922.w2.kkkk99.net/index.php/main/leftframe_data?785157726"
1503568773443	Marionette	DEBUG	Received DOM event "pageshow" for "http://49297922.w2.kkkk99.net/index.php/main/leftframe"
1503568773447	Marionette	DEBUG	Received DOM event "pageshow" for "http://49297922.w2.kkkk99.net/index.php/main"
1503568773500	Marionette	DEBUG	Received DOM event "beforeunload" for "http://49297922.w2.kkkk99.net/index.php/main"
1503568774000	Marionette	DEBUG	Received DOM event "pagehide" for "http://49297922.w2.kkkk99.net/index.php/main"
1503568774001	Marionette	DEBUG	Received DOM event "unload" for "http://49297922.w2.kkkk99.net/index.php/main"
1503568774335	Marionette	DEBUG	Received DOM event "pageshow" for "http://49297922.w2.kkkk99.net/index.php/content/hdp/2"
1503568774338	Marionette	DEBUG	Received DOM event "DOMContentLoaded" for "http://49297922.w2.kkkk99.net/index.php/content/hdp/2"
1503568774351	Marionette	DEBUG	Received observer notification "outer-window-destroyed" for "2147483679"
1503568774352	Marionette	DEBUG	Received observer notification "outer-window-destroyed" for "2147483691"
1503568774354	Marionette	DEBUG	Received observer notification "outer-window-destroyed" for "2147483692"
1503568774355	Marionette	DEBUG	Received observer notification "outer-window-destroyed" for "2147483680"
1503568774357	Marionette	DEBUG	Received observer notification "outer-window-destroyed" for "2147483695"
1503568774359	Marionette	DEBUG	Received observer notification "outer-window-destroyed" for "2147483696"
1503568774360	Marionette	DEBUG	Received observer notification "outer-window-destroyed" for "2147483681"
1503568774364	Marionette	DEBUG	Received observer notification "outer-window-destroyed" for "2147483682"
1503568774368	Marionette	DEBUG	Received observer notification "outer-window-destroyed" for "2147483683"
1503568774370	Marionette	DEBUG	Received observer notification "outer-window-destroyed" for "2147483684"
1503568774375	Marionette	DEBUG	Received DOM event "DOMContentLoaded" for "http://49297922.w2.kkkk99.net/index.php/content/hdp/2"
1503568774380	Marionette	DEBUG	Received DOM event "DOMContentLoaded" for "http://49297922.w2.kkkk99.net/index.php/content/hdp/2"
1503568774381	Marionette	DEBUG	Received DOM event "pageshow" for "http://49297922.w2.kkkk99.net/index.php/content/hdp/2"
1503568775072	Marionette	DEBUG	Received DOM event "DOMContentLoaded" for "http://49297922.w2.kkkk99.net/index.php/content/get_hdp_data"
1503568775073	Marionette	DEBUG	Received DOM event "pageshow" for "http://49297922.w2.kkkk99.net/index.php/content/get_hdp_data"
1503568775078	Marionette	DEBUG	Received DOM event "pageshow" for "http://49297922.w2.kkkk99.net/index.php/content/hdp/2"
IPDL protocol error: Handler returned error code!

###!!! [Parent][DispatchAsyncMessage] Error: PLayerTransaction::Msg_ReleaseLayer Processing error: message was deserialized, but the handler returned false (indicating failure)

1503568816784	Marionette	INFO	Ceased listening
